This is pdfTeX, Version 3.14159265-2.6-1.40.18 (MiKTeX 2.9.6400 64-bit) (preloaded format=pdftex 2017.12.15)  15 DEC 2017 11:37
entering extended mode
**./acrotex.ins
(acrotex.ins ("C:\Program Files\MiKTeX 2.9\tex\latex\base\docstrip.tex"
\blockLevel=\count26
\emptyLines=\count27
\processedLines=\count28
\commentsRemoved=\count29
\commentsPassed=\count30
\codeLinesPassed=\count31
\TotalprocessedLines=\count32
\TotalcommentsRemoved=\count33
\TotalcommentsPassed=\count34
\TotalcodeLinesPassed=\count35
\NumberOfFiles=\count36
\inFile=\read0
\inputcheck=\read1
\@tempcnta=\count37
\off@0=\count38
\off@1=\count39
\off@2=\count40
\off@3=\count41
\off@4=\count42
\off@5=\count43
\off@6=\count44
\off@7=\count45
\off@8=\count46
\off@9=\count47
\off@10=\count48
\off@11=\count49
\off@12=\count50
\off@13=\count51
\off@14=\count52
\off@15=\count53
\@temptokena=\toks12
\@maxfiles=\count54
\@maxoutfiles=\count55

Utility: `docstrip' 2.5e <2014/09/29>
English documentation    <2017/03/13>

**********************************************************
* This program converts documented macro-files into fast *
* loadable files by stripping off (nearly) all comments! *
**********************************************************

********************************************************
* No Configuration file found, using default settings. *
********************************************************

(acrotex.ins

Generating file(s) web.sty websec.def webpro.def 
\openout0 = `web.sty'.

\openout1 = `websec.def'.

\openout2 = `webpro.def'.


Processing file web.dtx (copyright,package) -> web.sty
                        (copyright,websectioning) -> websec.def
                        (copyright,webpro) -> webpro.def
File web.dtx ended by \endinput.
Lines  processed: 5482
Comments removed: 2138
Comments  passed: 16
Codelines passed: 3290


Generating file(s) exerquiz.sty aebjs.def aebrandom.def aebsumrytbls.def usemcf
i.def eqcolor.def template.def eqfr.def eqde.def eqno.def eqnl.def eqes.def eqi
t.def eqru.def eqda.def eqpo.def eqfin.def eqcat.def eqcz.def eqbr.def eqtr.def
 
\openout0 = `exerquiz.sty'.

\openout1 = `aebjs.def'.

\openout2 = `aebrandom.def'.

\openout3 = `aebsumrytbls.def'.

\openout4 = `usemcfi.def'.

\openout5 = `eqcolor.def'.

\openout6 = `template.def'.

\openout7 = `eqfr.def'.

\openout8 = `eqde.def'.

\openout9 = `eqno.def'.

\openout10 = `eqnl.def'.

\openout11 = `eqes.def'.

\openout12 = `eqit.def'.

\openout13 = `eqru.def'.

\openout14 = `eqda.def'.

\openout15 = `eqpo.def'.


Processing file exerquiz.dtx (copyright,package) -> exerquiz.sty
                             (copyright,aebjs) -> aebjs.def
                             (copyright,randomize) -> aebrandom.def
                             (copyright,sumrytbls) -> aebsumrytbls.def
                             (copyright,mcfi) -> usemcfi.def
                             (copyright,eqcolor) -> eqcolor.def
                             (copyright,template) -> template.def
                             (copyright,eqfr) -> eqfr.def
                             (copyright,eqde) -> eqde.def
                             (copyright,eqno) -> eqno.def
                             (copyright,eqnl) -> eqnl.def
                             (copyright,eqes) -> eqes.def
                             (copyright,eqit) -> eqit.def
                             (copyright,eqru) -> eqru.def
                             (copyright,eqda) -> eqda.def
                             (copyright,eqpo) -> eqpo.def
File exerquiz.dtx ended by \endinput.
Lines  processed: 13859
Comments removed: 5782
Comments  passed: 121
Codelines passed: 7445

\openout0 = `eqfin.def'.

\openout1 = `eqcat.def'.

\openout2 = `eqcz.def'.

\openout3 = `eqbr.def'.

\openout4 = `eqtr.def'.


Processing file exerquiz.dtx (copyright,eqfin) -> eqfin.def
                             (copyright,eqcat) -> eqcat.def
                             (copyright,eqcz) -> eqcz.def
                             (copyright,eqbr) -> eqbr.def
                             (copyright,eqtr) -> eqtr.def
File exerquiz.dtx ended by \endinput.
Lines  processed: 13859
Comments removed: 5782
Comments  passed: 121
Codelines passed: 7445


Generating file(s) eforms.sty epdfmark.def epdftex.def edvipdfm.def uieforms.de
f setcorder.def 
\openout0 = `eforms.sty'.

\openout1 = `epdfmark.def'.

\openout2 = `epdftex.def'.

\openout3 = `edvipdfm.def'.

\openout4 = `uieforms.def'.

\openout5 = `setcorder.def'.


Processing file eforms.dtx (copyright,package) -> eforms.sty
                           (copyright,epdfmark) -> epdfmark.def
                           (copyright,epdftex) -> epdftex.def
                           (copyright,edvipdfm) -> edvipdfm.def
                           (copyright,userinterface) -> uieforms.def
                           (copyright,setcorder) -> setcorder.def
File eforms.dtx ended by \endinput.
Lines  processed: 4010
Comments removed: 1982
Comments  passed: 11
Codelines passed: 1990


Generating file(s) insdljs.sty dljscc.def altadbfncs.def 
\openout0 = `insdljs.sty'.

\openout1 = `dljscc.def'.

\openout2 = `altadbfncs.def'.


Processing file insdljs.dtx (copyright,package) -> insdljs.sty
                            (copyright,cc4js) -> dljscc.def
                            (copyright,altadbfncs) -> altadbfncs.def
Lines  processed: 2626
Comments removed: 1604
Comments  passed: 11
Codelines passed: 996


Generating file(s) dljslib.sty 
\openout0 = `dljslib.sty'.


Processing file dljslib.dtx (copyright,package) -> dljslib.sty
File dljslib.dtx ended by \endinput.
Lines  processed: 2786
Comments removed: 1024
Comments  passed: 11
Codelines passed: 1742


Generating file(s) taborder.sty 
\openout0 = `taborder.sty'.


Processing file taborder.dtx (copyright,package) -> taborder.sty
File taborder.dtx ended by \endinput.
Lines  processed: 239
Comments removed: 137
Comments  passed: 11
Codelines passed: 82

***************************************************************
*
*  To finish the installation you have to copy the files 
*
*  *.sty, *.cfg and *.def into a directory searched by TeX
*
***************************************************************
)
Overall statistics:
Files  processed: 7
Lines  processed: 42861
Comments removed: 18449
Comments  passed: 302
Codelines passed: 22990
 ) )
No pages of output.
PDF statistics:
 0 PDF objects out of 1000 (max. 8388607)
 0 named destinations out of 1000 (max. 500000)
 1 words of extra memory for PDF output out of 10000 (max. 10000000)

